<?xml version="1.0" encoding="UTF-8"?>
<!-- Generated by org.testng.reporters.JUnitReportReporter -->
<testsuite hostname="DESKTOP-MSPM6D0" failures="0" tests="4" name="api.test.UserTest" time="9.024" errors="0" timestamp="2025-03-06T17:14:39 IST" skipped="0">
  <testcase classname="api.test.UserTest" name="testPostUser" time="2.730"/>
  <testcase classname="api.test.UserTest" name="testGetUserByName" time="1.697"/>
  <testcase classname="api.test.UserTest" name="testUpdateUserByName" time="3.001"/>
  <testcase classname="api.test.UserTest" name="testDeleteUserByName" time="1.596"/>
</testsuite> <!-- api.test.UserTest -->
