<?xml version="1.0" encoding="UTF-8"?>
<!-- Generated by org.testng.reporters.JUnitReportReporter -->
<testsuite hostname="DESKTOP-MSPM6D0" failures="0" tests="4" name="api.test.UserTest2" time="10.207" errors="0" timestamp="2025-03-07T00:36:48 IST" skipped="0">
  <testcase classname="api.test.UserTest2" name="testPostUser" time="2.657"/>
  <testcase classname="api.test.UserTest2" name="testGetUserByName" time="1.561"/>
  <testcase classname="api.test.UserTest2" name="testUpdateUserByName" time="3.954"/>
  <testcase classname="api.test.UserTest2" name="testDeleteUserByName" time="2.035"/>
</testsuite> <!-- api.test.UserTest2 -->
